<?xml version="1.0" encoding="UTF-8"?>
<!-- Generated by org.testng.reporters.JUnitXMLReporter -->
<testsuite ignored="0" hostname="LAP-138" failures="1" tests="2" name="Default test" time="35.056" errors="0" timestamp="2024-10-01T14:16:51 IST">
  <testcase classname="io.cucumber.testng.AbstractTestNGCucumberTests" name="runScenario" time="13.305">
    <failure type="java.lang.AssertionError" message="Error message not displayed as expected. expected [Invalid username or password] but found [Invalid Credentials]">
      <![CDATA[java.lang.AssertionError: Error message not displayed as expected. expected [Invalid username or password] but found [Invalid Credentials]
at org.testng.Assert.fail(Assert.java:111)
at org.testng.Assert.failNotEquals(Assert.java:1578)
at org.testng.Assert.assertEqualsImpl(Assert.java:150)
at org.testng.Assert.assertEquals(Assert.java:132)
at org.testng.Assert.assertEquals(Assert.java:656)
at stepDefinitions.LoginSteps.error_message_should_be_displayed(LoginSteps.java:51)
at ✽.an error message "Invalid username or password" should be displayed(file:///C:/Users/raman.kumar/eclipse-workspace/Arguss/src/test/resources/features/Login.feature:8)
]]>
    </failure>
  </testcase> <!-- runScenario -->
  <testcase classname="io.cucumber.testng.AbstractTestNGCucumberTests" name="runScenario" time="20.986"/>
</testsuite> <!-- Default test -->
