<?xml version="1.0" encoding="UTF-8"?>
<!-- Generated by org.testng.reporters.JUnitXMLReporter -->
<testsuite ignored="0" hostname="LAP-138" failures="0" tests="3" name="PaymentBatchCAPListTest" time="26.532" errors="0" timestamp="2024-09-20T17:43:00 IST">
  <testcase classname="com.testwebsite.scripts.PaymentBatch_CAPListScript" name="ClickOnThePaymentBatch" time="5.17"/>
  <testcase classname="com.testwebsite.scripts.PaymentBatch_CAPListScript" name="AddAndVerifyThePaymentBatch" time="19.089"/>
  <testcase classname="com.testwebsite.scripts.PaymentBatch_CAPListScript" name="PaymentBatchCAPProductivity" time="1.99"/>
</testsuite> <!-- PaymentBatchCAPListTest -->
