<?xml version="1.0" encoding="UTF-8"?>
<!-- Generated by org.testng.reporters.JUnitXMLReporter -->
<testsuite ignored="0" hostname="LAP-138" failures="0" tests="2" name="Test" time="61.711" errors="0" timestamp="2024-09-25T14:17:08 IST">
  <testcase classname="com.testwebsite.scripts.QAManager_General_WC_Script" name="worksheetWithoutParameters" time="19.759"/>
  <testcase classname="com.testwebsite.scripts.QAManager_General_WC_Script" name="worksheetWithParameters" time="41.785"/>
</testsuite> <!-- Test -->
