<?xml version="1.0" encoding="UTF-8"?>
<testng-results ignored="0" total="2" passed="1" failed="1" skipped="0">
  <reporter-output>
  </reporter-output>
  <suite started-at="2024-10-02T05:17:36 IST" name="Cucumber Test Suite" finished-at="2024-10-02T05:18:08 IST" duration-ms="32656">
    <groups>
      <group name="cucumber">
        <method signature="AbstractTestNGCucumberTests.runScenario(io.cucumber.testng.PickleWrapper,io.cucumber.testng.FeatureWrapper)[pri:0, instance:runners.CucumberTestRunner@673fdbce]" name="runScenario" class="io.cucumber.testng.AbstractTestNGCucumberTests"/>
      </group> <!-- cucumber -->
    </groups>
    <test started-at="2024-10-02T05:17:36 IST" name="Cucumber Tests" finished-at="2024-10-02T05:18:08 IST" duration-ms="32656">
      <class name="runners.CucumberTestRunner">
        <test-method is-config="true" signature="setUpClass(org.testng.ITestContext)[pri:0, instance:runners.CucumberTestRunner@673fdbce]" started-at="2024-10-02T05:17:36 IST" name="setUpClass" finished-at="2024-10-02T05:17:36 IST" duration-ms="735" status="PASS">
          <params>
            <param index="0">
              <value>
                <![CDATA[org.testng.TestRunner@4e928fbf]]>
              </value>
            </param>
          </params>
          <reporter-output>
          </reporter-output>
        </test-method> <!-- setUpClass -->
        <test-method signature="runScenario(io.cucumber.testng.PickleWrapper,io.cucumber.testng.FeatureWrapper)[pri:0, instance:runners.CucumberTestRunner@673fdbce]" started-at="2024-10-02T05:17:36 IST" name="runScenario" description="Runs Cucumber Scenarios" data-provider="scenarios" finished-at="2024-10-02T05:17:51 IST" duration-ms="14802" status="FAIL">
          <params>
            <param index="0">
              <value>
                <![CDATA["Unsuccessful login with incorrect credentials"]]>
              </value>
            </param>
            <param index="1">
              <value>
                <![CDATA["User Login"]]>
              </value>
            </param>
          </params>
          <exception class="java.lang.AssertionError">
            <message>
              <![CDATA[Error message not displayed as expected. expected [Invalid username or password] but found [Invalid Credentials]]]>
            </message>
            <full-stacktrace>
              <![CDATA[java.lang.AssertionError: Error message not displayed as expected. expected [Invalid username or password] but found [Invalid Credentials]
at org.testng.Assert.fail(Assert.java:111)
at org.testng.Assert.failNotEquals(Assert.java:1578)
at org.testng.Assert.assertEqualsImpl(Assert.java:150)
at org.testng.Assert.assertEquals(Assert.java:132)
at org.testng.Assert.assertEquals(Assert.java:656)
at stepDefinitions.LoginSteps.error_message_should_be_displayed(LoginSteps.java:51)
at ✽.an error message "Invalid username or password" should be displayed(file:///C:/Users/raman.kumar/eclipse-workspace/Arguss/src/test/resources/features/Login.feature:8)
]]>
            </full-stacktrace>
          </exception> <!-- java.lang.AssertionError -->
          <reporter-output>
          </reporter-output>
        </test-method> <!-- runScenario -->
        <test-method signature="runScenario(io.cucumber.testng.PickleWrapper,io.cucumber.testng.FeatureWrapper)[pri:0, instance:runners.CucumberTestRunner@673fdbce]" started-at="2024-10-02T05:17:51 IST" name="runScenario" description="Runs Cucumber Scenarios" data-provider="scenarios" finished-at="2024-10-02T05:18:08 IST" duration-ms="17049" status="PASS">
          <params>
            <param index="0">
              <value>
                <![CDATA["Successful login with correct credentials"]]>
              </value>
            </param>
            <param index="1">
              <value>
                <![CDATA["User Login"]]>
              </value>
            </param>
          </params>
          <reporter-output>
          </reporter-output>
        </test-method> <!-- runScenario -->
        <test-method is-config="true" signature="tearDownClass()[pri:0, instance:runners.CucumberTestRunner@673fdbce]" started-at="2024-10-02T05:18:08 IST" name="tearDownClass" finished-at="2024-10-02T05:18:08 IST" duration-ms="15" status="PASS">
          <reporter-output>
          </reporter-output>
        </test-method> <!-- tearDownClass -->
      </class> <!-- runners.CucumberTestRunner -->
    </test> <!-- Cucumber Tests -->
  </suite> <!-- Cucumber Test Suite -->
</testng-results>
